  lab3-OOP.cpp
C:\Program Files\Wt 4.10.2 msvs2022 x64\include\Wt\Core\observable.hpp(135,40): warning C4251: 'Wt::Core::observable::observerInfo_': class 'std::unique_ptr<Wt::Core::Impl::observer_info,std::default_delete<Wt::Core::Impl::observer_info>>' needs to have dll-interface to be used by clients of class 'Wt::Core::observable'
C:\Program Files\Wt 4.10.2 msvs2022 x64\include\Wt\Core\observable.hpp(135,8): message : see declaration of 'std::unique_ptr<Wt::Core::Impl::observer_info,std::default_delete<Wt::Core::Impl::observer_info>>'
C:\Program Files\Wt 4.10.2 msvs2022 x64\include\Wt\WStringStream.h(222,40): warning C4251: 'Wt::WStringStream::bufs_': class 'std::vector<std::pair<char *,int>,std::allocator<std::pair<char *,int>>>' needs to have dll-interface to be used by clients of class 'Wt::WStringStream'
C:\Program Files\Wt 4.10.2 msvs2022 x64\include\Wt\WStringStream.h(222,8): message : see declaration of 'std::vector<std::pair<char *,int>,std::allocator<std::pair<char *,int>>>'
C:\Program Files\Wt 4.10.2 msvs2022 x64\include\Wt\WStringStream.h(120,1): warning C4267: 'argument': conversion from 'size_t' to 'int', possible loss of data
C:\Program Files\Wt 4.10.2 msvs2022 x64\include\Wt\Http\Message.h(70,17): warning C4251: 'Wt::Http::Message::Header::name_': class 'std::basic_string<char,std::char_traits<char>,std::allocator<char>>' needs to have dll-interface to be used by clients of class 'Wt::Http::Message::Header'
C:\Program Files\Microsoft Visual Studio\2022\Community\VC\Tools\MSVC\14.35.32215\include\xstring(5300,29): message : see declaration of 'std::basic_string<char,std::char_traits<char>,std::allocator<char>>'
C:\Program Files\Wt 4.10.2 msvs2022 x64\include\Wt\Http\Message.h(70,24): warning C4251: 'Wt::Http::Message::Header::value_': class 'std::basic_string<char,std::char_traits<char>,std::allocator<char>>' needs to have dll-interface to be used by clients of class 'Wt::Http::Message::Header'
C:\Program Files\Microsoft Visual Studio\2022\Community\VC\Tools\MSVC\14.35.32215\include\xstring(5300,29): message : see declaration of 'std::basic_string<char,std::char_traits<char>,std::allocator<char>>'
C:\Program Files\Wt 4.10.2 msvs2022 x64\include\Wt\Http\Message.h(148,23): warning C4251: 'Wt::Http::Message::headers_': class 'std::vector<Wt::Http::Message::Header,std::allocator<Wt::Http::Message::Header>>' needs to have dll-interface to be used by clients of class 'Wt::Http::Message'
C:\Program Files\Wt 4.10.2 msvs2022 x64\include\Wt\Http\Message.h(85,16): message : see declaration of 'std::vector<Wt::Http::Message::Header,std::allocator<Wt::Http::Message::Header>>'
C:\Program Files\Wt 4.10.2 msvs2022 x64\include\Wt\Http\Request.h(89,25): warning C4251: 'Wt::Http::UploadedFile::fileInfo_': class 'std::shared_ptr<Wt::Http::UploadedFile::Impl>' needs to have dll-interface to be used by clients of class 'Wt::Http::UploadedFile'
C:\Program Files\Wt 4.10.2 msvs2022 x64\include\Wt\Http\Request.h(89,8): message : see declaration of 'std::shared_ptr<Wt::Http::UploadedFile::Impl>'
C:\Program Files\Wt 4.10.2 msvs2022 x64\include\Wt\Http\Request.h(162,3): warning C4251: 'std::vector<Wt::Http::Request::ByteRange,std::allocator<Wt::Http::Request::ByteRange>>::_Mypair': class 'std::_Compressed_pair<std::allocator<Wt::Http::Request::ByteRange>,std::_Vector_val<std::_Simple_types<_Ty>>,true>' needs to have dll-interface to be used by clients of class 'std::vector<Wt::Http::Request::ByteRange,std::allocator<Wt::Http::Request::ByteRange>>'
          with
          [
              _Ty=Wt::Http::Request::ByteRange
          ]
C:\Program Files\Microsoft Visual Studio\2022\Community\VC\Tools\MSVC\14.35.32215\include\vector(2261,5): message : see declaration of 'std::_Compressed_pair<std::allocator<Wt::Http::Request::ByteRange>,std::_Vector_val<std::_Simple_types<_Ty>>,true>'
          with
          [
              _Ty=Wt::Http::Request::ByteRange
          ]
C:\Program Files\Wt 4.10.2 msvs2022 x64\include\Wt\Http\Request.h(470,38): warning C4251: 'Wt::Http::Request::cookies_': class 'std::map<std::string,std::string,std::less<std::string>,std::allocator<std::pair<const std::string,std::string>>>' needs to have dll-interface to be used by clients of class 'Wt::Http::Request'
C:\Program Files\Wt 4.10.2 msvs2022 x64\include\Wt\Http\Request.h(195,16): message : see declaration of 'std::map<std::string,std::string,std::less<std::string>,std::allocator<std::pair<const std::string,std::string>>>'
C:\Program Files\Wt 4.10.2 msvs2022 x64\include\Wt\Http\Request.h(471,37): warning C4251: 'Wt::Http::Request::sslInfo_': class 'std::unique_ptr<Wt::WSslInfo,std::default_delete<Wt::WSslInfo>>' needs to have dll-interface to be used by clients of class 'Wt::Http::Request'
C:\Program Files\Wt 4.10.2 msvs2022 x64\include\Wt\Http\Request.h(471,16): message : see declaration of 'std::unique_ptr<Wt::WSslInfo,std::default_delete<Wt::WSslInfo>>'
C:\Program Files\Wt 4.10.2 msvs2022 x64\include\Wt\WObject.h(342,49): warning C4251: 'Wt::WObject::statelessSlots_': class 'std::vector<std::unique_ptr<Wt::WStatelessSlot,std::default_delete<Wt::WStatelessSlot>>,std::allocator<std::unique_ptr<Wt::WStatelessSlot,std::default_delete<Wt::WStatelessSlot>>>>' needs to have dll-interface to be used by clients of class 'Wt::WObject'
C:\Program Files\Wt 4.10.2 msvs2022 x64\include\Wt\WObject.h(342,8): message : see declaration of 'std::vector<std::unique_ptr<Wt::WStatelessSlot,std::default_delete<Wt::WStatelessSlot>>,std::allocator<std::unique_ptr<Wt::WStatelessSlot,std::default_delete<Wt::WStatelessSlot>>>>'
C:\Program Files\Wt 4.10.2 msvs2022 x64\include\Wt\WObject.h(343,42): warning C4251: 'Wt::WObject::children_': class 'std::vector<std::unique_ptr<Wt::WObject,std::default_delete<Wt::WObject>>,std::allocator<std::unique_ptr<Wt::WObject,std::default_delete<Wt::WObject>>>>' needs to have dll-interface to be used by clients of class 'Wt::WObject'
C:\Program Files\Wt 4.10.2 msvs2022 x64\include\Wt\WObject.h(343,8): message : see declaration of 'std::vector<std::unique_ptr<Wt::WObject,std::default_delete<Wt::WObject>>,std::allocator<std::unique_ptr<Wt::WObject,std::default_delete<Wt::WObject>>>>'
C:\Program Files\Wt 4.10.2 msvs2022 x64\include\Wt\WObject.h(346,15): warning C4251: 'Wt::WObject::name_': class 'std::basic_string<char,std::char_traits<char>,std::allocator<char>>' needs to have dll-interface to be used by clients of class 'Wt::WObject'
C:\Program Files\Microsoft Visual Studio\2022\Community\VC\Tools\MSVC\14.35.32215\include\xstring(5300,29): message : see declaration of 'std::basic_string<char,std::char_traits<char>,std::allocator<char>>'
C:\Program Files\Wt 4.10.2 msvs2022 x64\include\Wt\WObject.h(349,32): warning C4251: 'Wt::WObject::nextObjId_': struct 'std::atomic<unsigned int>' needs to have dll-interface to be used by clients of class 'Wt::WObject'
C:\Program Files\Microsoft Visual Studio\2022\Community\VC\Tools\MSVC\14.35.32215\include\atomic(2681,35): message : see declaration of 'std::atomic<unsigned int>'
C:\Program Files\Wt 4.10.2 msvs2022 x64\include\Wt\WString.h(743,15): warning C4251: 'Wt::WString::utf8_': class 'std::basic_string<char,std::char_traits<char>,std::allocator<char>>' needs to have dll-interface to be used by clients of class 'Wt::WString'
C:\Program Files\Microsoft Visual Studio\2022\Community\VC\Tools\MSVC\14.35.32215\include\xstring(5300,29): message : see declaration of 'std::basic_string<char,std::char_traits<char>,std::allocator<char>>'
C:\Program Files\Wt 4.10.2 msvs2022 x64\include\Wt\WString.h(757,31): warning C4251: 'Wt::WString::stArguments_': class 'std::vector<Wt::WString,std::allocator<Wt::WString>>' needs to have dll-interface to be used by clients of class 'Wt::WString'
C:\Program Files\Wt 4.10.2 msvs2022 x64\include\Wt\WString.h(703,14): message : see declaration of 'std::vector<Wt::WString,std::allocator<Wt::WString>>'
C:\Program Files\Wt 4.10.2 msvs2022 x64\include\Wt\WAnimation.h(179,27): warning C4251: 'Wt::WAnimation::effects_': class 'Wt::WFlags<Wt::AnimationEffect>' needs to have dll-interface to be used by clients of class 'Wt::WAnimation'
C:\Program Files\Wt 4.10.2 msvs2022 x64\include\Wt\WAnimation.h(80,14): message : see declaration of 'Wt::WFlags<Wt::AnimationEffect>'
C:\Program Files\Wt 4.10.2 msvs2022 x64\include\Wt\Signals\signals.hpp(47,55): warning C4251: 'Wt::Signals::Impl::SignalLinkBase::obj_': class 'Wt::Core::observing_ptr<const Wt::Core::observable>' needs to have dll-interface to be used by clients of class 'Wt::Signals::Impl::SignalLinkBase'
C:\Program Files\Wt 4.10.2 msvs2022 x64\include\Wt\Core\observable_impl.hpp(44,3): message : see declaration of 'Wt::Core::observing_ptr<const Wt::Core::observable>'
C:\Program Files\Wt 4.10.2 msvs2022 x64\include\Wt\WSignal.h(489,32): warning C4251: 'Wt::EventSignalBase::nextId_': struct 'std::atomic<unsigned int>' needs to have dll-interface to be used by clients of class 'Wt::EventSignalBase'
C:\Program Files\Microsoft Visual Studio\2022\Community\VC\Tools\MSVC\14.35.32215\include\atomic(2681,35): message : see declaration of 'std::atomic<unsigned int>'
C:\Program Files\Wt 4.10.2 msvs2022 x64\include\Wt\WSignal.h(497,36): warning C4251: 'Wt::EventSignalBase::connections_': class 'std::vector<Wt::EventSignalBase::StatelessConnection,std::allocator<Wt::EventSignalBase::StatelessConnection>>' needs to have dll-interface to be used by clients of class 'Wt::EventSignalBase'
C:\Program Files\Wt 4.10.2 msvs2022 x64\include\Wt\WSignal.h(497,8): message : see declaration of 'std::vector<Wt::EventSignalBase::StatelessConnection,std::allocator<Wt::EventSignalBase::StatelessConnection>>'
C:\Program Files\Wt 4.10.2 msvs2022 x64\include\Wt\WSignal.h(498,18): warning C4251: 'Wt::EventSignalBase::flags_': class 'std::bitset<7>' needs to have dll-interface to be used by clients of class 'Wt::EventSignalBase'
C:\Program Files\Wt 4.10.2 msvs2022 x64\include\Wt\WSignal.h(498,8): message : see declaration of 'std::bitset<7>'
C:\Program Files\Wt 4.10.2 msvs2022 x64\include\Wt\WSignal.h(505,21): warning C4251: 'Wt::EventSignalBase::dummy_': struct 'Wt::Signals::Signal<>' needs to have dll-interface to be used by clients of class 'Wt::EventSignalBase'
C:\Program Files\Wt 4.10.2 msvs2022 x64\include\Wt\WSignal.h(505,12): message : see declaration of 'Wt::Signals::Signal<>'
C:\Program Files\Wt 4.10.2 msvs2022 x64\include\Wt\WEvent.h(93,28): warning C4251: 'Wt::JavaScriptEvent::modifiers': class 'Wt::WFlags<Wt::KeyboardModifier>' needs to have dll-interface to be used by clients of class 'Wt::JavaScriptEvent'
C:\Program Files\Wt 4.10.2 msvs2022 x64\include\Wt\WGlobal.h(796,1): message : see declaration of 'Wt::WFlags<Wt::KeyboardModifier>'
C:\Program Files\Wt 4.10.2 msvs2022 x64\include\Wt\WEvent.h(96,22): warning C4251: 'Wt::JavaScriptEvent::touches': class 'std::vector<Wt::Touch,std::allocator<Wt::Touch>>' needs to have dll-interface to be used by clients of class 'Wt::JavaScriptEvent'
C:\Program Files\Wt 4.10.2 msvs2022 x64\include\Wt\WEvent.h(96,8): message : see declaration of 'std::vector<Wt::Touch,std::allocator<Wt::Touch>>'
C:\Program Files\Wt 4.10.2 msvs2022 x64\include\Wt\WEvent.h(96,31): warning C4251: 'Wt::JavaScriptEvent::targetTouches': class 'std::vector<Wt::Touch,std::allocator<Wt::Touch>>' needs to have dll-interface to be used by clients of class 'Wt::JavaScriptEvent'
C:\Program Files\Wt 4.10.2 msvs2022 x64\include\Wt\WEvent.h(96,8): message : see declaration of 'std::vector<Wt::Touch,std::allocator<Wt::Touch>>'
C:\Program Files\Wt 4.10.2 msvs2022 x64\include\Wt\WEvent.h(96,46): warning C4251: 'Wt::JavaScriptEvent::changedTouches': class 'std::vector<Wt::Touch,std::allocator<Wt::Touch>>' needs to have dll-interface to be used by clients of class 'Wt::JavaScriptEvent'
C:\Program Files\Wt 4.10.2 msvs2022 x64\include\Wt\WEvent.h(96,8): message : see declaration of 'std::vector<Wt::Touch,std::allocator<Wt::Touch>>'
C:\Program Files\Wt 4.10.2 msvs2022 x64\include\Wt\WEvent.h(105,15): warning C4251: 'Wt::JavaScriptEvent::type': class 'std::basic_string<char,std::char_traits<char>,std::allocator<char>>' needs to have dll-interface to be used by clients of class 'Wt::JavaScriptEvent'
C:\Program Files\Microsoft Visual Studio\2022\Community\VC\Tools\MSVC\14.35.32215\include\xstring(5300,29): message : see declaration of 'std::basic_string<char,std::char_traits<char>,std::allocator<char>>'
C:\Program Files\Wt 4.10.2 msvs2022 x64\include\Wt\WEvent.h(108,15): warning C4251: 'Wt::JavaScriptEvent::tid': class 'std::basic_string<char,std::char_traits<char>,std::allocator<char>>' needs to have dll-interface to be used by clients of class 'Wt::JavaScriptEvent'
C:\Program Files\Microsoft Visual Studio\2022\Community\VC\Tools\MSVC\14.35.32215\include\xstring(5300,29): message : see declaration of 'std::basic_string<char,std::char_traits<char>,std::allocator<char>>'
C:\Program Files\Wt 4.10.2 msvs2022 x64\include\Wt\WEvent.h(110,15): warning C4251: 'Wt::JavaScriptEvent::response': class 'std::basic_string<char,std::char_traits<char>,std::allocator<char>>' needs to have dll-interface to be used by clients of class 'Wt::JavaScriptEvent'
C:\Program Files\Microsoft Visual Studio\2022\Community\VC\Tools\MSVC\14.35.32215\include\xstring(5300,29): message : see declaration of 'std::basic_string<char,std::char_traits<char>,std::allocator<char>>'
C:\Program Files\Wt 4.10.2 msvs2022 x64\include\Wt\WEvent.h(112,28): warning C4251: 'Wt::JavaScriptEvent::userEventArgs': class 'std::vector<std::string,std::allocator<std::string>>' needs to have dll-interface to be used by clients of class 'Wt::JavaScriptEvent'
C:\Program Files\Wt 4.10.2 msvs2022 x64\include\Wt\Http\Request.h(98,14): message : see declaration of 'std::vector<std::string,std::allocator<std::string>>'
C:\Program Files\Wt 4.10.2 msvs2022 x64\include\Wt\WEvent.h(410,23): warning C4251: 'Wt::WDropEvent::dropMimeType_': class 'std::basic_string<char,std::char_traits<char>,std::allocator<char>>' needs to have dll-interface to be used by clients of class 'Wt::WDropEvent'
C:\Program Files\Microsoft Visual Studio\2022\Community\VC\Tools\MSVC\14.35.32215\include\xstring(5300,29): message : see declaration of 'std::basic_string<char,std::char_traits<char>,std::allocator<char>>'
C:\Program Files\Wt 4.10.2 msvs2022 x64\include\Wt\WEvent.h(411,38): warning C4251: 'Wt::WDropEvent::mouseEvent_': class 'std::unique_ptr<const Wt::WMouseEvent,std::default_delete<const Wt::WMouseEvent>>' needs to have dll-interface to be used by clients of class 'Wt::WDropEvent'
C:\Program Files\Wt 4.10.2 msvs2022 x64\include\Wt\WEvent.h(411,8): message : see declaration of 'std::unique_ptr<const Wt::WMouseEvent,std::default_delete<const Wt::WMouseEvent>>'
C:\Program Files\Wt 4.10.2 msvs2022 x64\include\Wt\WEvent.h(412,38): warning C4251: 'Wt::WDropEvent::touchEvent_': class 'std::unique_ptr<const Wt::WTouchEvent,std::default_delete<const Wt::WTouchEvent>>' needs to have dll-interface to be used by clients of class 'Wt::WDropEvent'
C:\Program Files\Wt 4.10.2 msvs2022 x64\include\Wt\WEvent.h(412,8): message : see declaration of 'std::unique_ptr<const Wt::WTouchEvent,std::default_delete<const Wt::WTouchEvent>>'
C:\Program Files\Wt 4.10.2 msvs2022 x64\include\Wt\WException.h(21,1): warning C4275: non dll-interface class 'std::exception' used as base for dll-interface class 'Wt::WException'
C:\Program Files\Microsoft Visual Studio\2022\Community\VC\Tools\MSVC\14.35.32215\include\exception(38,19): message : see declaration of 'std::exception'
C:\Program Files\Wt 4.10.2 msvs2022 x64\include\Wt\WException.h(20,14): message : see declaration of 'Wt::WException'
C:\Program Files\Wt 4.10.2 msvs2022 x64\include\Wt\WException.h(44,15): warning C4251: 'Wt::WException::what_': class 'std::basic_string<char,std::char_traits<char>,std::allocator<char>>' needs to have dll-interface to be used by clients of class 'Wt::WException'
C:\Program Files\Microsoft Visual Studio\2022\Community\VC\Tools\MSVC\14.35.32215\include\xstring(5300,29): message : see declaration of 'std::basic_string<char,std::char_traits<char>,std::allocator<char>>'
C:\Program Files\Wt 4.10.2 msvs2022 x64\include\Wt\WJavaScriptSlot.h(215,32): warning C4251: 'Wt::JSlot::nextFid_': struct 'std::atomic<unsigned int>' needs to have dll-interface to be used by clients of class 'Wt::JSlot'
C:\Program Files\Microsoft Visual Studio\2022\Community\VC\Tools\MSVC\14.35.32215\include\atomic(2681,35): message : see declaration of 'std::atomic<unsigned int>'
C:\Program Files\Wt 4.10.2 msvs2022 x64\include\Wt\WLogger.h(263,22): warning C4251: 'Wt::WLogger::fields_': class 'std::vector<Wt::WLogger::Field,std::allocator<Wt::WLogger::Field>>' needs to have dll-interface to be used by clients of class 'Wt::WLogger'
C:\Program Files\Wt 4.10.2 msvs2022 x64\include\Wt\WLogger.h(218,14): message : see declaration of 'std::vector<Wt::WLogger::Field,std::allocator<Wt::WLogger::Field>>'
C:\Program Files\Wt 4.10.2 msvs2022 x64\include\Wt\WLogger.h(271,21): warning C4251: 'Wt::WLogger::rules_': class 'std::vector<Wt::WLogger::Rule,std::allocator<Wt::WLogger::Rule>>' needs to have dll-interface to be used by clients of class 'Wt::WLogger'
C:\Program Files\Wt 4.10.2 msvs2022 x64\include\Wt\WLogger.h(271,8): message : see declaration of 'std::vector<Wt::WLogger::Rule,std::allocator<Wt::WLogger::Rule>>'
C:\Program Files\Wt 4.10.2 msvs2022 x64\include\Wt\WLogger.h(395,33): warning C4251: 'Wt::WLogEntry::impl_': class 'std::unique_ptr<Wt::WLogEntry::Impl,std::default_delete<Wt::WLogEntry::Impl>>' needs to have dll-interface to be used by clients of class 'Wt::WLogEntry'
C:\Program Files\Wt 4.10.2 msvs2022 x64\include\Wt\WLogger.h(395,16): message : see declaration of 'std::unique_ptr<Wt::WLogEntry::Impl,std::default_delete<Wt::WLogEntry::Impl>>'
C:\Program Files\Wt 4.10.2 msvs2022 x64\include\Wt\WWidget.h(1370,18): warning C4251: 'Wt::WWidget::flags_': class 'std::bitset<8>' needs to have dll-interface to be used by clients of class 'Wt::WWidget'
C:\Program Files\Wt 4.10.2 msvs2022 x64\include\Wt\WWidget.h(1370,8): message : see declaration of 'std::bitset<8>'
C:\Program Files\Wt 4.10.2 msvs2022 x64\include\Wt\WWidget.h(1372,19): warning C4251: 'Wt::WWidget::eventSignals_': class 'std::list<Wt::EventSignalBase *,std::allocator<Wt::EventSignalBase *>>' needs to have dll-interface to be used by clients of class 'Wt::WWidget'
C:\Program Files\Wt 4.10.2 msvs2022 x64\include\Wt\WWidget.h(1331,16): message : see declaration of 'std::list<Wt::EventSignalBase *,std::allocator<Wt::EventSignalBase *>>'
C:\Program Files\Wt 4.10.2 msvs2022 x64\include\Wt\WWidget.h(1373,33): warning C4251: 'Wt::WWidget::jsignals_': class 'std::vector<Wt::EventSignalBase *,std::allocator<Wt::EventSignalBase *>>' needs to have dll-interface to be used by clients of class 'Wt::WWidget'
C:\Program Files\Wt 4.10.2 msvs2022 x64\include\Wt\WWidget.h(1373,8): message : see declaration of 'std::vector<Wt::EventSignalBase *,std::allocator<Wt::EventSignalBase *>>'
C:\Program Files\Wt 4.10.2 msvs2022 x64\include\Wt\WWebWidget.h(408,15): warning C4251: 'Wt::WWebWidget::elementTagName_': class 'std::basic_string<char,std::char_traits<char>,std::allocator<char>>' needs to have dll-interface to be used by clients of class 'Wt::WWebWidget'
C:\Program Files\Microsoft Visual Studio\2022\Community\VC\Tools\MSVC\14.35.32215\include\xstring(5300,29): message : see declaration of 'std::basic_string<char,std::char_traits<char>,std::allocator<char>>'
C:\Program Files\Wt 4.10.2 msvs2022 x64\include\Wt\WWebWidget.h(411,32): warning C4251: 'Wt::WWebWidget::AllChangeFlags': class 'std::bitset<38>' needs to have dll-interface to be used by clients of class 'Wt::WWebWidget'
C:\Program Files\Wt 4.10.2 msvs2022 x64\include\Wt\WWebWidget.h(411,21): message : see declaration of 'std::bitset<38>'
C:\Program Files\Wt 4.10.2 msvs2022 x64\include\Wt\WWebWidget.h(419,19): warning C4251: 'Wt::WWebWidget::flags_': class 'std::bitset<38>' needs to have dll-interface to be used by clients of class 'Wt::WWebWidget'
C:\Program Files\Wt 4.10.2 msvs2022 x64\include\Wt\WWebWidget.h(411,21): message : see declaration of 'std::bitset<38>'
C:\Program Files\Wt 4.10.2 msvs2022 x64\include\Wt\WWebWidget.h(420,28): warning C4251: 'Wt::WWebWidget::width_': class 'std::unique_ptr<Wt::WLength,std::default_delete<Wt::WLength>>' needs to have dll-interface to be used by clients of class 'Wt::WWebWidget'
C:\Program Files\Wt 4.10.2 msvs2022 x64\include\Wt\WWebWidget.h(420,8): message : see declaration of 'std::unique_ptr<Wt::WLength,std::default_delete<Wt::WLength>>'
C:\Program Files\Wt 4.10.2 msvs2022 x64\include\Wt\WWebWidget.h(421,28): warning C4251: 'Wt::WWebWidget::height_': class 'std::unique_ptr<Wt::WLength,std::default_delete<Wt::WLength>>' needs to have dll-interface to be used by clients of class 'Wt::WWebWidget'
C:\Program Files\Wt 4.10.2 msvs2022 x64\include\Wt\WWebWidget.h(420,8): message : see declaration of 'std::unique_ptr<Wt::WLength,std::default_delete<Wt::WLength>>'
C:\Program Files\Wt 4.10.2 msvs2022 x64\include\Wt\WWebWidget.h(428,32): warning C4251: 'Wt::WWebWidget::id_': class 'std::unique_ptr<std::string,std::default_delete<std::string>>' needs to have dll-interface to be used by clients of class 'Wt::WWebWidget'
C:\Program Files\Wt 4.10.2 msvs2022 x64\include\Wt\WWebWidget.h(428,8): message : see declaration of 'std::unique_ptr<std::string,std::default_delete<std::string>>'
C:\Program Files\Wt 4.10.2 msvs2022 x64\include\Wt\WWebWidget.h(446,34): warning C4251: 'Wt::WWebWidget::transientImpl_': class 'std::unique_ptr<Wt::WWebWidget::TransientImpl,std::default_delete<Wt::WWebWidget::TransientImpl>>' needs to have dll-interface to be used by clients of class 'Wt::WWebWidget'
C:\Program Files\Wt 4.10.2 msvs2022 x64\include\Wt\WWebWidget.h(446,8): message : see declaration of 'std::unique_ptr<Wt::WWebWidget::TransientImpl,std::default_delete<Wt::WWebWidget::TransientImpl>>'
C:\Program Files\Wt 4.10.2 msvs2022 x64\include\Wt\WWebWidget.h(462,31): warning C4251: 'Wt::WWebWidget::layoutImpl_': class 'std::unique_ptr<Wt::WWebWidget::LayoutImpl,std::default_delete<Wt::WWebWidget::LayoutImpl>>' needs to have dll-interface to be used by clients of class 'Wt::WWebWidget'
C:\Program Files\Wt 4.10.2 msvs2022 x64\include\Wt\WWebWidget.h(462,8): message : see declaration of 'std::unique_ptr<Wt::WWebWidget::LayoutImpl,std::default_delete<Wt::WWebWidget::LayoutImpl>>'
C:\Program Files\Wt 4.10.2 msvs2022 x64\include\Wt\WWebWidget.h(475,37): warning C4251: 'Wt::WWebWidget::lookImpl_': class 'std::unique_ptr<Wt::WWebWidget::LookImpl,std::default_delete<Wt::WWebWidget::LookImpl>>' needs to have dll-interface to be used by clients of class 'Wt::WWebWidget'
C:\Program Files\Wt 4.10.2 msvs2022 x64\include\Wt\WWebWidget.h(475,16): message : see declaration of 'std::unique_ptr<Wt::WWebWidget::LookImpl,std::default_delete<Wt::WWebWidget::LookImpl>>'
C:\Program Files\Wt 4.10.2 msvs2022 x64\include\Wt\WWebWidget.h(527,30): warning C4251: 'Wt::WWebWidget::otherImpl_': class 'std::unique_ptr<Wt::WWebWidget::OtherImpl,std::default_delete<Wt::WWebWidget::OtherImpl>>' needs to have dll-interface to be used by clients of class 'Wt::WWebWidget'
C:\Program Files\Wt 4.10.2 msvs2022 x64\include\Wt\WWebWidget.h(527,8): message : see declaration of 'std::unique_ptr<Wt::WWebWidget::OtherImpl,std::default_delete<Wt::WWebWidget::OtherImpl>>'
C:\Program Files\Wt 4.10.2 msvs2022 x64\include\Wt\WLink.h(174,15): warning C4251: 'Wt::WLink::stringValue_': class 'std::basic_string<char,std::char_traits<char>,std::allocator<char>>' needs to have dll-interface to be used by clients of class 'Wt::WLink'
C:\Program Files\Microsoft Visual Studio\2022\Community\VC\Tools\MSVC\14.35.32215\include\xstring(5300,29): message : see declaration of 'std::basic_string<char,std::char_traits<char>,std::allocator<char>>'
C:\Program Files\Wt 4.10.2 msvs2022 x64\include\Wt\WLink.h(175,30): warning C4251: 'Wt::WLink::resource_': class 'std::shared_ptr<Wt::WResource>' needs to have dll-interface to be used by clients of class 'Wt::WLink'
C:\Program Files\Wt 4.10.2 msvs2022 x64\include\Wt\WLink.h(75,20): message : see declaration of 'std::shared_ptr<Wt::WResource>'
C:\Program Files\Wt 4.10.2 msvs2022 x64\include\Wt\WCssDecorationStyle.h(213,29): warning C4251: 'Wt::WCssDecorationStyle::cursorImage_': class 'std::basic_string<char,std::char_traits<char>,std::allocator<char>>' needs to have dll-interface to be used by clients of class 'Wt::WCssDecorationStyle'
C:\Program Files\Microsoft Visual Studio\2022\Community\VC\Tools\MSVC\14.35.32215\include\xstring(5300,29): message : see declaration of 'std::basic_string<char,std::char_traits<char>,std::allocator<char>>'
C:\Program Files\Wt 4.10.2 msvs2022 x64\include\Wt\WCssDecorationStyle.h(214,29): warning C4251: 'Wt::WCssDecorationStyle::border_': class 'std::unique_ptr<Wt::WBorder,std::default_delete<Wt::WBorder>>' needs to have dll-interface to be used by clients of class 'Wt::WCssDecorationStyle'
C:\Program Files\Wt 4.10.2 msvs2022 x64\include\Wt\WCssDecorationStyle.h(214,8): message : see declaration of 'std::unique_ptr<Wt::WBorder,std::default_delete<Wt::WBorder>>'
C:\Program Files\Wt 4.10.2 msvs2022 x64\include\Wt\WCssDecorationStyle.h(218,29): warning C4251: 'Wt::WCssDecorationStyle::backgroundImageRepeat_': class 'Wt::WFlags<Wt::Orientation>' needs to have dll-interface to be used by clients of class 'Wt::WCssDecorationStyle'
C:\Program Files\Wt 4.10.2 msvs2022 x64\include\Wt\WGlobal.h(343,1): message : see declaration of 'Wt::WFlags<Wt::Orientation>'
C:\Program Files\Wt 4.10.2 msvs2022 x64\include\Wt\WCssDecorationStyle.h(219,29): warning C4251: 'Wt::WCssDecorationStyle::backgroundImageLocation_': class 'Wt::WFlags<Wt::Side>' needs to have dll-interface to be used by clients of class 'Wt::WCssDecorationStyle'
C:\Program Files\Wt 4.10.2 msvs2022 x64\include\Wt\WGlobal.h(433,1): message : see declaration of 'Wt::WFlags<Wt::Side>'
C:\Program Files\Wt 4.10.2 msvs2022 x64\include\Wt\WCssDecorationStyle.h(221,29): warning C4251: 'Wt::WCssDecorationStyle::textDecoration_': class 'Wt::WFlags<Wt::TextDecoration>' needs to have dll-interface to be used by clients of class 'Wt::WCssDecorationStyle'
C:\Program Files\Wt 4.10.2 msvs2022 x64\include\Wt\WCssDecorationStyle.h(199,26): message : see declaration of 'Wt::WFlags<Wt::TextDecoration>'
C:\Program Files\Wt 4.10.2 msvs2022 x64\include\Wt\WCssStyleSheet.h(78,15): warning C4251: 'Wt::WCssRule::selector_': class 'std::basic_string<char,std::char_traits<char>,std::allocator<char>>' needs to have dll-interface to be used by clients of class 'Wt::WCssRule'
C:\Program Files\Microsoft Visual Studio\2022\Community\VC\Tools\MSVC\14.35.32215\include\xstring(5300,29): message : see declaration of 'std::basic_string<char,std::char_traits<char>,std::allocator<char>>'
C:\Program Files\Wt 4.10.2 msvs2022 x64\include\Wt\WCssStyleSheet.h(145,39): warning C4251: 'Wt::WCssTemplateRule::widget_': class 'std::unique_ptr<Wt::WCssTemplateWidget,std::default_delete<Wt::WCssTemplateWidget>>' needs to have dll-interface to be used by clients of class 'Wt::WCssTemplateRule'
C:\Program Files\Wt 4.10.2 msvs2022 x64\include\Wt\WCssStyleSheet.h(145,8): message : see declaration of 'std::unique_ptr<Wt::WCssTemplateWidget,std::default_delete<Wt::WCssTemplateWidget>>'
C:\Program Files\Wt 4.10.2 msvs2022 x64\include\Wt\WCssStyleSheet.h(292,12): warning C4251: 'Wt::WCssStyleSheet::rules_': class 'std::vector<std::unique_ptr<Wt::WCssRule,std::default_delete<Wt::WCssRule>>,std::allocator<std::unique_ptr<Wt::WCssRule,std::default_delete<Wt::WCssRule>>>>' needs to have dll-interface to be used by clients of class 'Wt::WCssStyleSheet'
C:\Program Files\Wt 4.10.2 msvs2022 x64\include\Wt\WCssStyleSheet.h(289,16): message : see declaration of 'std::vector<std::unique_ptr<Wt::WCssRule,std::default_delete<Wt::WCssRule>>,std::allocator<std::unique_ptr<Wt::WCssRule,std::default_delete<Wt::WCssRule>>>>'
C:\Program Files\Wt 4.10.2 msvs2022 x64\include\Wt\WCssStyleSheet.h(293,27): warning C4251: 'Wt::WCssStyleSheet::rulesAdded_': class 'std::vector<Wt::WCssRule *,std::allocator<Wt::WCssRule *>>' needs to have dll-interface to be used by clients of class 'Wt::WCssStyleSheet'
C:\Program Files\Wt 4.10.2 msvs2022 x64\include\Wt\WCssStyleSheet.h(293,8): message : see declaration of 'std::vector<Wt::WCssRule *,std::allocator<Wt::WCssRule *>>'
C:\Program Files\Wt 4.10.2 msvs2022 x64\include\Wt\WCssStyleSheet.h(295,11): warning C4251: 'Wt::WCssStyleSheet::rulesModified_': class 'std::set<Wt::WCssRule *,std::less<Wt::WCssRule *>,std::allocator<Wt::WCssRule *>>' needs to have dll-interface to be used by clients of class 'Wt::WCssStyleSheet'
C:\Program Files\Wt 4.10.2 msvs2022 x64\include\Wt\WCssStyleSheet.h(290,16): message : see declaration of 'std::set<Wt::WCssRule *,std::less<Wt::WCssRule *>,std::allocator<Wt::WCssRule *>>'
C:\Program Files\Wt 4.10.2 msvs2022 x64\include\Wt\WCssStyleSheet.h(296,28): warning C4251: 'Wt::WCssStyleSheet::rulesRemoved_': class 'std::vector<std::string,std::allocator<std::string>>' needs to have dll-interface to be used by clients of class 'Wt::WCssStyleSheet'
C:\Program Files\Wt 4.10.2 msvs2022 x64\include\Wt\Http\Request.h(98,14): message : see declaration of 'std::vector<std::string,std::allocator<std::string>>'
C:\Program Files\Wt 4.10.2 msvs2022 x64\include\Wt\WCssStyleSheet.h(298,25): warning C4251: 'Wt::WCssStyleSheet::defined_': class 'std::set<std::string,std::less<std::string>,std::allocator<std::string>>' needs to have dll-interface to be used by clients of class 'Wt::WCssStyleSheet'
C:\Program Files\Wt 4.10.2 msvs2022 x64\include\Wt\WCssStyleSheet.h(298,8): message : see declaration of 'std::set<std::string,std::less<std::string>,std::allocator<std::string>>'
C:\Program Files\Wt 4.10.2 msvs2022 x64\include\Wt\WLocale.h(262,15): warning C4251: 'Wt::WLocale::name_': class 'std::basic_string<char,std::char_traits<char>,std::allocator<char>>' needs to have dll-interface to be used by clients of class 'Wt::WLocale'
C:\Program Files\Microsoft Visual Studio\2022\Community\VC\Tools\MSVC\14.35.32215\include\xstring(5300,29): message : see declaration of 'std::basic_string<char,std::char_traits<char>,std::allocator<char>>'
C:\Program Files\Wt 4.10.2 msvs2022 x64\include\Wt\WLocale.h(263,12): warning C4251: 'Wt::WLocale::decimalPoint_': class 'std::basic_string<char,std::char_traits<char>,std::allocator<char>>' needs to have dll-interface to be used by clients of class 'Wt::WLocale'
C:\Program Files\Microsoft Visual Studio\2022\Community\VC\Tools\MSVC\14.35.32215\include\xstring(5300,29): message : see declaration of 'std::basic_string<char,std::char_traits<char>,std::allocator<char>>'
C:\Program Files\Wt 4.10.2 msvs2022 x64\include\Wt\WLocale.h(263,27): warning C4251: 'Wt::WLocale::groupSeparator_': class 'std::basic_string<char,std::char_traits<char>,std::allocator<char>>' needs to have dll-interface to be used by clients of class 'Wt::WLocale'
C:\Program Files\Microsoft Visual Studio\2022\Community\VC\Tools\MSVC\14.35.32215\include\xstring(5300,29): message : see declaration of 'std::basic_string<char,std::char_traits<char>,std::allocator<char>>'
C:\Program Files\Wt 4.10.2 msvs2022 x64\include\Wt\WMessageResourceBundle.h(165,52): warning C4251: 'Wt::WMessageResourceBundle::messageResources_': class 'std::vector<std::unique_ptr<Wt::WMessageResources,std::default_delete<Wt::WMessageResources>>,std::allocator<std::unique_ptr<Wt::WMessageResources,std::default_delete<Wt::WMessageResources>>>>' needs to have dll-interface to be used by clients of class 'Wt::WMessageResourceBundle'
C:\Program Files\Wt 4.10.2 msvs2022 x64\include\Wt\WMessageResourceBundle.h(165,8): message : see declaration of 'std::vector<std::unique_ptr<Wt::WMessageResources,std::default_delete<Wt::WMessageResources>>,std::allocator<std::unique_ptr<Wt::WMessageResources,std::default_delete<Wt::WMessageResources>>>>'
C:\Program Files\Wt 4.10.2 msvs2022 x64\include\Wt\WApplication.h(1351,45): warning C4251: 'Wt::WApplication::UpdateLock::impl_': class 'std::unique_ptr<Wt::UpdateLockImpl,std::default_delete<Wt::UpdateLockImpl>>' needs to have dll-interface to be used by clients of class 'Wt::WApplication::UpdateLock'
C:\Program Files\Wt 4.10.2 msvs2022 x64\include\Wt\WApplication.h(1351,18): message : see declaration of 'std::unique_ptr<Wt::UpdateLockImpl,std::default_delete<Wt::UpdateLockImpl>>'
C:\Program Files\Wt 4.10.2 msvs2022 x64\include\Wt\WApplication.h(2271,23): warning C4251: 'Wt::WApplication::requestTooLarge_': class 'Wt::Signal<int64_t>' needs to have dll-interface to be used by clients of class 'Wt::WApplication'
C:\Program Files\Wt 4.10.2 msvs2022 x64\include\Wt\WApplication.h(1897,3): message : see declaration of 'Wt::Signal<int64_t>'
C:\Program Files\Wt 4.10.2 msvs2022 x64\include\Wt\WApplication.h(2272,12): warning C4251: 'Wt::WApplication::unsuspended_': class 'Wt::Signal<>' needs to have dll-interface to be used by clients of class 'Wt::WApplication'
C:\Program Files\Wt 4.10.2 msvs2022 x64\include\Wt\WWebWidget.h(97,3): message : see declaration of 'Wt::Signal<>'
C:\Program Files\Wt 4.10.2 msvs2022 x64\include\Wt\WApplication.h(2314,29): warning C4251: 'Wt::WApplication::weakSession_': class 'std::weak_ptr<Wt::WebSession>' needs to have dll-interface to be used by clients of class 'Wt::WApplication'
C:\Program Files\Wt 4.10.2 msvs2022 x64\include\Wt\WApplication.h(2314,8): message : see declaration of 'std::weak_ptr<Wt::WebSession>'
C:\Program Files\Wt 4.10.2 msvs2022 x64\include\Wt\WApplication.h(2318,37): warning C4251: 'Wt::WApplication::domRoot_': class 'std::unique_ptr<Wt::WContainerWidget,std::default_delete<Wt::WContainerWidget>>' needs to have dll-interface to be used by clients of class 'Wt::WApplication'
C:\Program Files\Wt 4.10.2 msvs2022 x64\include\Wt\WApplication.h(2318,8): message : see declaration of 'std::unique_ptr<Wt::WContainerWidget,std::default_delete<Wt::WContainerWidget>>'
C:\Program Files\Wt 4.10.2 msvs2022 x64\include\Wt\WApplication.h(2321,37): warning C4251: 'Wt::WApplication::domRoot2_': class 'std::unique_ptr<Wt::WContainerWidget,std::default_delete<Wt::WContainerWidget>>' needs to have dll-interface to be used by clients of class 'Wt::WApplication'
C:\Program Files\Wt 4.10.2 msvs2022 x64\include\Wt\WApplication.h(2318,8): message : see declaration of 'std::unique_ptr<Wt::WContainerWidget,std::default_delete<Wt::WContainerWidget>>'
C:\Program Files\Wt 4.10.2 msvs2022 x64\include\Wt\WApplication.h(2323,46): warning C4251: 'Wt::WApplication::localizedStrings_': class 'std::unique_ptr<Wt::WCombinedLocalizedStrings,std::default_delete<Wt::WCombinedLocalizedStrings>>' needs to have dll-interface to be used by clients of class 'Wt::WApplication'
C:\Program Files\Wt 4.10.2 msvs2022 x64\include\Wt\WApplication.h(2323,8): message : see declaration of 'std::unique_ptr<Wt::WCombinedLocalizedStrings,std::default_delete<Wt::WCombinedLocalizedStrings>>'
C:\Program Files\Wt 4.10.2 msvs2022 x64\include\Wt\WApplication.h(2325,15): warning C4251: 'Wt::WApplication::renderedInternalPath_': class 'std::basic_string<char,std::char_traits<char>,std::allocator<char>>' needs to have dll-interface to be used by clients of class 'Wt::WApplication'
C:\Program Files\Microsoft Visual Studio\2022\Community\VC\Tools\MSVC\14.35.32215\include\xstring(5300,29): message : see declaration of 'std::basic_string<char,std::char_traits<char>,std::allocator<char>>'
C:\Program Files\Wt 4.10.2 msvs2022 x64\include\Wt\WApplication.h(2325,38): warning C4251: 'Wt::WApplication::newInternalPath_': class 'std::basic_string<char,std::char_traits<char>,std::allocator<char>>' needs to have dll-interface to be used by clients of class 'Wt::WApplication'
C:\Program Files\Microsoft Visual Studio\2022\Community\VC\Tools\MSVC\14.35.32215\include\xstring(5300,29): message : see declaration of 'std::basic_string<char,std::char_traits<char>,std::allocator<char>>'
C:\Program Files\Wt 4.10.2 msvs2022 x64\include\Wt\WApplication.h(2326,23): warning C4251: 'Wt::WApplication::internalPathChanged_': class 'Wt::Signal<std::string>' needs to have dll-interface to be used by clients of class 'Wt::WApplication'
C:\Program Files\Wt 4.10.2 msvs2022 x64\include\Wt\WApplication.h(977,3): message : see declaration of 'Wt::Signal<std::string>'
C:\Program Files\Wt 4.10.2 msvs2022 x64\include\Wt\WApplication.h(2326,45): warning C4251: 'Wt::WApplication::internalPathInvalid_': class 'Wt::Signal<std::string>' needs to have dll-interface to be used by clients of class 'Wt::WApplication'
C:\Program Files\Wt 4.10.2 msvs2022 x64\include\Wt\WApplication.h(977,3): message : see declaration of 'Wt::Signal<std::string>'
C:\Program Files\Wt 4.10.2 msvs2022 x64\include\Wt\WApplication.h(2333,15): warning C4251: 'Wt::WApplication::javaScriptClass_': class 'std::basic_string<char,std::char_traits<char>,std::allocator<char>>' needs to have dll-interface to be used by clients of class 'Wt::WApplication'
C:\Program Files\Microsoft Visual Studio\2022\Community\VC\Tools\MSVC\14.35.32215\include\xstring(5300,29): message : see declaration of 'std::basic_string<char,std::char_traits<char>,std::allocator<char>>'
C:\Program Files\Wt 4.10.2 msvs2022 x64\include\Wt\WApplication.h(2336,30): warning C4251: 'Wt::WApplication::onePixelGifR_': class 'std::unique_ptr<Wt::WResource,std::default_delete<Wt::WResource>>' needs to have dll-interface to be used by clients of class 'Wt::WApplication'
C:\Program Files\Wt 4.10.2 msvs2022 x64\include\Wt\WApplication.h(2336,8): message : see declaration of 'std::unique_ptr<Wt::WResource,std::default_delete<Wt::WResource>>'
C:\Program Files\Wt 4.10.2 msvs2022 x64\include\Wt\WApplication.h(2340,15): warning C4251: 'Wt::WApplication::htmlClass_': class 'std::basic_string<char,std::char_traits<char>,std::allocator<char>>' needs to have dll-interface to be used by clients of class 'Wt::WApplication'
C:\Program Files\Microsoft Visual Studio\2022\Community\VC\Tools\MSVC\14.35.32215\include\xstring(5300,29): message : see declaration of 'std::basic_string<char,std::char_traits<char>,std::allocator<char>>'
C:\Program Files\Wt 4.10.2 msvs2022 x64\include\Wt\WApplication.h(2340,27): warning C4251: 'Wt::WApplication::bodyClass_': class 'std::basic_string<char,std::char_traits<char>,std::allocator<char>>' needs to have dll-interface to be used by clients of class 'Wt::WApplication'
C:\Program Files\Microsoft Visual Studio\2022\Community\VC\Tools\MSVC\14.35.32215\include\xstring(5300,29): message : see declaration of 'std::basic_string<char,std::char_traits<char>,std::allocator<char>>'
C:\Program Files\Wt 4.10.2 msvs2022 x64\include\Wt\WApplication.h(2345,15): warning C4251: 'Wt::WApplication::focusId_': class 'std::basic_string<char,std::char_traits<char>,std::allocator<char>>' needs to have dll-interface to be used by clients of class 'Wt::WApplication'
C:\Program Files\Microsoft Visual Studio\2022\Community\VC\Tools\MSVC\14.35.32215\include\xstring(5300,29): message : see declaration of 'std::basic_string<char,std::char_traits<char>,std::allocator<char>>'
C:\Program Files\Wt 4.10.2 msvs2022 x64\include\Wt\WApplication.h(2349,30): warning C4251: 'Wt::WApplication::scriptLibraries_': class 'std::vector<Wt::WApplication::ScriptLibrary,std::allocator<Wt::WApplication::ScriptLibrary>>' needs to have dll-interface to be used by clients of class 'Wt::WApplication'
C:\Program Files\Wt 4.10.2 msvs2022 x64\include\Wt\WApplication.h(2349,8): message : see declaration of 'std::vector<Wt::WApplication::ScriptLibrary,std::allocator<Wt::WApplication::ScriptLibrary>>'
C:\Program Files\Wt 4.10.2 msvs2022 x64\include\Wt\WApplication.h(2352,27): warning C4251: 'Wt::WApplication::theme_': class 'std::shared_ptr<Wt::WTheme>' needs to have dll-interface to be used by clients of class 'Wt::WApplication'
C:\Program Files\Wt 4.10.2 msvs2022 x64\include\Wt\WApplication.h(387,28): message : see declaration of 'std::shared_ptr<Wt::WTheme>'
C:\Program Files\Wt 4.10.2 msvs2022 x64\include\Wt\WApplication.h(2353,37): warning C4251: 'Wt::WApplication::styleSheets_': class 'std::vector<Wt::WLinkedCssStyleSheet,std::allocator<Wt::WLinkedCssStyleSheet>>' needs to have dll-interface to be used by clients of class 'Wt::WApplication'
C:\Program Files\Wt 4.10.2 msvs2022 x64\include\Wt\WApplication.h(2353,8): message : see declaration of 'std::vector<Wt::WLinkedCssStyleSheet,std::allocator<Wt::WLinkedCssStyleSheet>>'
C:\Program Files\Wt 4.10.2 msvs2022 x64\include\Wt\WApplication.h(2354,37): warning C4251: 'Wt::WApplication::styleSheetsToRemove_': class 'std::vector<Wt::WLinkedCssStyleSheet,std::allocator<Wt::WLinkedCssStyleSheet>>' needs to have dll-interface to be used by clients of class 'Wt::WApplication'
C:\Program Files\Wt 4.10.2 msvs2022 x64\include\Wt\WApplication.h(2353,8): message : see declaration of 'std::vector<Wt::WLinkedCssStyleSheet,std::allocator<Wt::WLinkedCssStyleSheet>>'
C:\Program Files\Wt 4.10.2 msvs2022 x64\include\Wt\WApplication.h(2358,27): warning C4251: 'Wt::WApplication::metaHeaders_': class 'std::vector<Wt::MetaHeader,std::allocator<Wt::MetaHeader>>' needs to have dll-interface to be used by clients of class 'Wt::WApplication'
C:\Program Files\Wt 4.10.2 msvs2022 x64\include\Wt\WApplication.h(2358,8): message : see declaration of 'std::vector<Wt::MetaHeader,std::allocator<Wt::MetaHeader>>'
C:\Program Files\Wt 4.10.2 msvs2022 x64\include\Wt\WApplication.h(2359,25): warning C4251: 'Wt::WApplication::metaLinks_': class 'std::vector<Wt::WApplication::MetaLink,std::allocator<Wt::WApplication::MetaLink>>' needs to have dll-interface to be used by clients of class 'Wt::WApplication'
C:\Program Files\Wt 4.10.2 msvs2022 x64\include\Wt\WApplication.h(2359,8): message : see declaration of 'std::vector<Wt::WApplication::MetaLink,std::allocator<Wt::WApplication::MetaLink>>'
C:\Program Files\Wt 4.10.2 msvs2022 x64\include\Wt\WApplication.h(2361,13): warning C4251: 'Wt::WApplication::exposedSignals_': class 'std::map<std::string,Wt::EventSignalBase *,std::less<std::string>,std::allocator<std::pair<const std::string,Wt::EventSignalBase *>>>' needs to have dll-interface to be used by clients of class 'Wt::WApplication'
C:\Program Files\Wt 4.10.2 msvs2022 x64\include\Wt\WApplication.h(2301,16): message : see declaration of 'std::map<std::string,Wt::EventSignalBase *,std::less<std::string>,std::allocator<std::pair<const std::string,Wt::EventSignalBase *>>>'
C:\Program Files\Wt 4.10.2 msvs2022 x64\include\Wt\WApplication.h(2362,15): warning C4251: 'Wt::WApplication::exposedResources_': class 'std::map<std::string,Wt::WResource *,std::less<std::string>,std::allocator<std::pair<const std::string,Wt::WResource *>>>' needs to have dll-interface to be used by clients of class 'Wt::WApplication'
C:\Program Files\Wt 4.10.2 msvs2022 x64\include\Wt\WApplication.h(2302,16): message : see declaration of 'std::map<std::string,Wt::WResource *,std::less<std::string>,std::allocator<std::pair<const std::string,Wt::WResource *>>>'
C:\Program Files\Wt 4.10.2 msvs2022 x64\include\Wt\WApplication.h(2363,13): warning C4251: 'Wt::WApplication::encodedObjects_': class 'std::map<std::string,Wt::WObject *,std::less<std::string>,std::allocator<std::pair<const std::string,Wt::WObject *>>>' needs to have dll-interface to be used by clients of class 'Wt::WApplication'
C:\Program Files\Wt 4.10.2 msvs2022 x64\include\Wt\WWebWidget.h(303,16): message : see declaration of 'std::map<std::string,Wt::WObject *,std::less<std::string>,std::allocator<std::pair<const std::string,Wt::WObject *>>>'
C:\Program Files\Wt 4.10.2 msvs2022 x64\include\Wt\WApplication.h(2365,25): warning C4251: 'Wt::WApplication::justRemovedSignals_': class 'std::set<std::string,std::less<std::string>,std::allocator<std::string>>' needs to have dll-interface to be used by clients of class 'Wt::WApplication'
C:\Program Files\Wt 4.10.2 msvs2022 x64\include\Wt\WCssStyleSheet.h(298,8): message : see declaration of 'std::set<std::string,std::less<std::string>,std::allocator<std::string>>'
C:\Program Files\Wt 4.10.2 msvs2022 x64\include\Wt\WApplication.h(2369,15): warning C4251: 'Wt::WApplication::afterLoadJavaScript_': class 'std::basic_string<char,std::char_traits<char>,std::allocator<char>>' needs to have dll-interface to be used by clients of class 'Wt::WApplication'
C:\Program Files\Microsoft Visual Studio\2022\Community\VC\Tools\MSVC\14.35.32215\include\xstring(5300,29): message : see declaration of 'std::basic_string<char,std::char_traits<char>,std::allocator<char>>'
C:\Program Files\Wt 4.10.2 msvs2022 x64\include\Wt\WApplication.h(2369,37): warning C4251: 'Wt::WApplication::beforeLoadJavaScript_': class 'std::basic_string<char,std::char_traits<char>,std::allocator<char>>' needs to have dll-interface to be used by clients of class 'Wt::WApplication'
C:\Program Files\Microsoft Visual Studio\2022\Community\VC\Tools\MSVC\14.35.32215\include\xstring(5300,29): message : see declaration of 'std::basic_string<char,std::char_traits<char>,std::allocator<char>>'
C:\Program Files\Wt 4.10.2 msvs2022 x64\include\Wt\WApplication.h(2371,15): warning C4251: 'Wt::WApplication::autoJavaScript_': class 'std::basic_string<char,std::char_traits<char>,std::allocator<char>>' needs to have dll-interface to be used by clients of class 'Wt::WApplication'
C:\Program Files\Microsoft Visual Studio\2022\Community\VC\Tools\MSVC\14.35.32215\include\xstring(5300,29): message : see declaration of 'std::basic_string<char,std::char_traits<char>,std::allocator<char>>'
C:\Program Files\Wt 4.10.2 msvs2022 x64\include\Wt\WApplication.h(2375,36): warning C4251: 'Wt::WApplication::javaScriptPreamble_': class 'std::vector<Wt::WJavaScriptPreamble,std::allocator<Wt::WJavaScriptPreamble>>' needs to have dll-interface to be used by clients of class 'Wt::WApplication'
C:\Program Files\Wt 4.10.2 msvs2022 x64\include\Wt\WApplication.h(2375,8): message : see declaration of 'std::vector<Wt::WJavaScriptPreamble,std::allocator<Wt::WJavaScriptPreamble>>'
C:\Program Files\Wt 4.10.2 msvs2022 x64\include\Wt\WApplication.h(2380,26): warning C4251: 'Wt::WApplication::javaScriptLoaded_': class 'std::set<const char *,std::less<const char *>,std::allocator<const char *>>' needs to have dll-interface to be used by clients of class 'Wt::WApplication'
C:\Program Files\Wt 4.10.2 msvs2022 x64\include\Wt\WApplication.h(2380,8): message : see declaration of 'std::set<const char *,std::less<const char *>,std::allocator<const char *>>'
C:\Program Files\Wt 4.10.2 msvs2022 x64\include\Wt\WApplication.h(2383,17): warning C4251: 'Wt::WApplication::showLoadingIndicator_': class 'Wt::EventSignal<Wt::NoClass>' needs to have dll-interface to be used by clients of class 'Wt::WApplication'
C:\Program Files\Wt 4.10.2 msvs2022 x64\include\Wt\WWebWidget.h(275,3): message : see declaration of 'Wt::EventSignal<Wt::NoClass>'
C:\Program Files\Wt 4.10.2 msvs2022 x64\include\Wt\WApplication.h(2383,40): warning C4251: 'Wt::WApplication::hideLoadingIndicator_': class 'Wt::EventSignal<Wt::NoClass>' needs to have dll-interface to be used by clients of class 'Wt::WApplication'
C:\Program Files\Wt 4.10.2 msvs2022 x64\include\Wt\WWebWidget.h(275,3): message : see declaration of 'Wt::EventSignal<Wt::NoClass>'
C:\Program Files\Wt 4.10.2 msvs2022 x64\include\Wt\WApplication.h(2384,13): warning C4251: 'Wt::WApplication::unloaded_': class 'Wt::JSignal<>' needs to have dll-interface to be used by clients of class 'Wt::WApplication'
C:\Program Files\Wt 4.10.2 msvs2022 x64\include\Wt\WWebWidget.h(469,5): message : see declaration of 'Wt::JSignal<>'
C:\Program Files\Wt 4.10.2 msvs2022 x64\include\Wt\WApplication.h(2385,13): warning C4251: 'Wt::WApplication::idleTimeout_': class 'Wt::JSignal<>' needs to have dll-interface to be used by clients of class 'Wt::WApplication'
C:\Program Files\Wt 4.10.2 msvs2022 x64\include\Wt\WWebWidget.h(469,5): message : see declaration of 'Wt::JSignal<>'
C:\Program Files\Wt 4.10.2 msvs2022 x64\include\Wt\WInteractWidget.h(363,26): warning C4251: 'Wt::WInteractWidget::dragSlot_': class 'std::unique_ptr<Wt::JSlot,std::default_delete<Wt::JSlot>>' needs to have dll-interface to be used by clients of class 'Wt::WInteractWidget'
C:\Program Files\Wt 4.10.2 msvs2022 x64\include\Wt\WInteractWidget.h(363,8): message : see declaration of 'std::unique_ptr<Wt::JSlot,std::default_delete<Wt::JSlot>>'
C:\Program Files\Wt 4.10.2 msvs2022 x64\include\Wt\WInteractWidget.h(364,26): warning C4251: 'Wt::WInteractWidget::dragTouchSlot_': class 'std::unique_ptr<Wt::JSlot,std::default_delete<Wt::JSlot>>' needs to have dll-interface to be used by clients of class 'Wt::WInteractWidget'
C:\Program Files\Wt 4.10.2 msvs2022 x64\include\Wt\WInteractWidget.h(363,8): message : see declaration of 'std::unique_ptr<Wt::JSlot,std::default_delete<Wt::JSlot>>'
C:\Program Files\Wt 4.10.2 msvs2022 x64\include\Wt\WInteractWidget.h(365,26): warning C4251: 'Wt::WInteractWidget::dragTouchEndSlot_': class 'std::unique_ptr<Wt::JSlot,std::default_delete<Wt::JSlot>>' needs to have dll-interface to be used by clients of class 'Wt::WInteractWidget'
C:\Program Files\Wt 4.10.2 msvs2022 x64\include\Wt\WInteractWidget.h(363,8): message : see declaration of 'std::unique_ptr<Wt::JSlot,std::default_delete<Wt::JSlot>>'
C:\Program Files\Wt 4.10.2 msvs2022 x64\include\Wt\WContainerWidget.h(540,18): warning C4251: 'Wt::WContainerWidget::flags_': class 'std::bitset<8>' needs to have dll-interface to be used by clients of class 'Wt::WContainerWidget'
C:\Program Files\Wt 4.10.2 msvs2022 x64\include\Wt\WWidget.h(1370,8): message : see declaration of 'std::bitset<8>'
C:\Program Files\Wt 4.10.2 msvs2022 x64\include\Wt\WContainerWidget.h(541,25): warning C4251: 'Wt::WContainerWidget::contentAlignment_': class 'Wt::WFlags<Wt::AlignmentFlag>' needs to have dll-interface to be used by clients of class 'Wt::WContainerWidget'
C:\Program Files\Wt 4.10.2 msvs2022 x64\include\Wt\WGlobal.h(506,1): message : see declaration of 'Wt::WFlags<Wt::AlignmentFlag>'
C:\Program Files\Wt 4.10.2 msvs2022 x64\include\Wt\WContainerWidget.h(544,26): warning C4251: 'Wt::WContainerWidget::children_': class 'std::vector<Wt::WWidget *,std::allocator<Wt::WWidget *>>' needs to have dll-interface to be used by clients of class 'Wt::WContainerWidget'
C:\Program Files\Wt 4.10.2 msvs2022 x64\include\Wt\WWidget.h(84,16): message : see declaration of 'std::vector<Wt::WWidget *,std::allocator<Wt::WWidget *>>'
C:\Program Files\Wt 4.10.2 msvs2022 x64\include\Wt\WContainerWidget.h(545,28): warning C4251: 'Wt::WContainerWidget::layout_': class 'std::unique_ptr<Wt::WLayout,std::default_delete<Wt::WLayout>>' needs to have dll-interface to be used by clients of class 'Wt::WContainerWidget'
C:\Program Files\Wt 4.10.2 msvs2022 x64\include\Wt\WContainerWidget.h(157,23): message : see declaration of 'std::unique_ptr<Wt::WLayout,std::default_delete<Wt::WLayout>>'
C:\Program Files\Wt 4.10.2 msvs2022 x64\include\Wt\WContainerWidget.h(547,44): warning C4251: 'Wt::WContainerWidget::addedChildren_': class 'std::unique_ptr<std::vector<Wt::WWidget *,std::allocator<Wt::WWidget *>>,std::default_delete<std::vector<Wt::WWidget *,std::allocator<Wt::WWidget *>>>>' needs to have dll-interface to be used by clients of class 'Wt::WContainerWidget'
C:\Program Files\Wt 4.10.2 msvs2022 x64\include\Wt\WContainerWidget.h(547,8): message : see declaration of 'std::unique_ptr<std::vector<Wt::WWidget *,std::allocator<Wt::WWidget *>>,std::default_delete<std::vector<Wt::WWidget *,std::allocator<Wt::WWidget *>>>>'
C:\Program Files\Wt 4.10.2 msvs2022 x64\include\Wt\WValidator.h(198,30): warning C4251: 'Wt::WValidator::formWidgets_': class 'std::vector<Wt::WFormWidget *,std::allocator<Wt::WFormWidget *>>' needs to have dll-interface to be used by clients of class 'Wt::WValidator'
C:\Program Files\Wt 4.10.2 msvs2022 x64\include\Wt\WValidator.h(198,8): message : see declaration of 'std::vector<Wt::WFormWidget *,std::allocator<Wt::WFormWidget *>>'
C:\Program Files\Wt 4.10.2 msvs2022 x64\include\Wt\WFormWidget.h(156,31): warning C4251: 'Wt::WFormWidget::validator_': class 'std::shared_ptr<Wt::WValidator>' needs to have dll-interface to be used by clients of class 'Wt::WFormWidget'
C:\Program Files\Wt 4.10.2 msvs2022 x64\include\Wt\WFormWidget.h(82,32): message : see declaration of 'std::shared_ptr<Wt::WValidator>'
C:\Program Files\Wt 4.10.2 msvs2022 x64\include\Wt\WFormWidget.h(157,26): warning C4251: 'Wt::WFormWidget::validateJs_': class 'std::unique_ptr<Wt::JSlot,std::default_delete<Wt::JSlot>>' needs to have dll-interface to be used by clients of class 'Wt::WFormWidget'
C:\Program Files\Wt 4.10.2 msvs2022 x64\include\Wt\WInteractWidget.h(363,8): message : see declaration of 'std::unique_ptr<Wt::JSlot,std::default_delete<Wt::JSlot>>'
C:\Program Files\Wt 4.10.2 msvs2022 x64\include\Wt\WFormWidget.h(157,39): warning C4251: 'Wt::WFormWidget::filterInput_': class 'std::unique_ptr<Wt::JSlot,std::default_delete<Wt::JSlot>>' needs to have dll-interface to be used by clients of class 'Wt::WFormWidget'
C:\Program Files\Wt 4.10.2 msvs2022 x64\include\Wt\WInteractWidget.h(363,8): message : see declaration of 'std::unique_ptr<Wt::JSlot,std::default_delete<Wt::JSlot>>'
C:\Program Files\Wt 4.10.2 msvs2022 x64\include\Wt\WFormWidget.h(157,53): warning C4251: 'Wt::WFormWidget::removeEmptyText_': class 'std::unique_ptr<Wt::JSlot,std::default_delete<Wt::JSlot>>' needs to have dll-interface to be used by clients of class 'Wt::WFormWidget'
C:\Program Files\Wt 4.10.2 msvs2022 x64\include\Wt\WInteractWidget.h(363,8): message : see declaration of 'std::unique_ptr<Wt::JSlot,std::default_delete<Wt::JSlot>>'
C:\Program Files\Wt 4.10.2 msvs2022 x64\include\Wt\WFormWidget.h(188,18): warning C4251: 'Wt::WFormWidget::flags_': class 'std::bitset<6>' needs to have dll-interface to be used by clients of class 'Wt::WFormWidget'
C:\Program Files\Wt 4.10.2 msvs2022 x64\include\Wt\WFormWidget.h(188,8): message : see declaration of 'std::bitset<6>'
C:\Program Files\Wt 4.10.2 msvs2022 x64\include\Wt\WFormWidget.h(189,30): warning C4251: 'Wt::WFormWidget::validated_': class 'Wt::Signal<Wt::WValidator::Result>' needs to have dll-interface to be used by clients of class 'Wt::WFormWidget'
C:\Program Files\Wt 4.10.2 msvs2022 x64\include\Wt\WFormWidget.h(143,3): message : see declaration of 'Wt::Signal<Wt::WValidator::Result>'
C:\Program Files\Wt 4.10.2 msvs2022 x64\include\Wt\WLineEdit.h(329,18): warning C4251: 'Wt::WLineEdit::flags_': class 'std::bitset<5>' needs to have dll-interface to be used by clients of class 'Wt::WLineEdit'
C:\Program Files\Wt 4.10.2 msvs2022 x64\include\Wt\WLineEdit.h(329,8): message : see declaration of 'std::bitset<5>'
C:\Program Files\Wt 4.10.2 msvs2022 x64\include\Wt\WLineEdit.h(331,28): warning C4251: 'Wt::WLineEdit::SKIPPABLE_MASK_CHARS': class 'std::basic_string<char,std::char_traits<char>,std::allocator<char>>' needs to have dll-interface to be used by clients of class 'Wt::WLineEdit'
C:\Program Files\Microsoft Visual Studio\2022\Community\VC\Tools\MSVC\14.35.32215\include\xstring(5300,29): message : see declaration of 'std::basic_string<char,std::char_traits<char>,std::allocator<char>>'
C:\Program Files\Wt 4.10.2 msvs2022 x64\include\Wt\WLineEdit.h(334,16): warning C4251: 'Wt::WLineEdit::mask_': class 'std::basic_string<char,std::char_traits<char>,std::allocator<char>>' needs to have dll-interface to be used by clients of class 'Wt::WLineEdit'
C:\Program Files\Microsoft Visual Studio\2022\Community\VC\Tools\MSVC\14.35.32215\include\xstring(5300,29): message : see declaration of 'std::basic_string<char,std::char_traits<char>,std::allocator<char>>'
C:\Program Files\Wt 4.10.2 msvs2022 x64\include\Wt\WLineEdit.h(336,18): warning C4251: 'Wt::WLineEdit::inputMask_': class 'std::basic_string<char32_t,std::char_traits<char32_t>,std::allocator<char32_t>>' needs to have dll-interface to be used by clients of class 'Wt::WLineEdit'
C:\Program Files\Microsoft Visual Studio\2022\Community\VC\Tools\MSVC\14.35.32215\include\xstring(5306,31): message : see declaration of 'std::basic_string<char32_t,std::char_traits<char32_t>,std::allocator<char32_t>>'
C:\Program Files\Wt 4.10.2 msvs2022 x64\include\Wt\WLineEdit.h(337,18): warning C4251: 'Wt::WLineEdit::raw_': class 'std::basic_string<char32_t,std::char_traits<char32_t>,std::allocator<char32_t>>' needs to have dll-interface to be used by clients of class 'Wt::WLineEdit'
C:\Program Files\Microsoft Visual Studio\2022\Community\VC\Tools\MSVC\14.35.32215\include\xstring(5306,31): message : see declaration of 'std::basic_string<char32_t,std::char_traits<char32_t>,std::allocator<char32_t>>'
C:\Program Files\Wt 4.10.2 msvs2022 x64\include\Wt\WLineEdit.h(344,25): warning C4251: 'Wt::WLineEdit::inputMaskFlags_': class 'Wt::WFlags<Wt::InputMaskFlag>' needs to have dll-interface to be used by clients of class 'Wt::WLineEdit'
C:\Program Files\Wt 4.10.2 msvs2022 x64\include\Wt\WLineEdit.h(297,21): message : see declaration of 'Wt::WFlags<Wt::InputMaskFlag>'
C:\Program Files\Wt 4.10.2 msvs2022 x64\include\Wt\WLineEdit.h(345,16): warning C4251: 'Wt::WLineEdit::case_': class 'std::basic_string<char,std::char_traits<char>,std::allocator<char>>' needs to have dll-interface to be used by clients of class 'Wt::WLineEdit'
C:\Program Files\Microsoft Visual Studio\2022\Community\VC\Tools\MSVC\14.35.32215\include\xstring(5300,29): message : see declaration of 'std::basic_string<char,std::char_traits<char>,std::allocator<char>>'
C:\Program Files\Wt 4.10.2 msvs2022 x64\include\Wt\WImage.h(227,36): warning C4251: 'Wt::WImage::map_': class 'std::unique_ptr<Wt::Impl::MapWidget,std::default_delete<Wt::Impl::MapWidget>>' needs to have dll-interface to be used by clients of class 'Wt::WImage'
C:\Program Files\Wt 4.10.2 msvs2022 x64\include\Wt\WImage.h(227,8): message : see declaration of 'std::unique_ptr<Wt::Impl::MapWidget,std::default_delete<Wt::Impl::MapWidget>>'
C:\Program Files\Wt 4.10.2 msvs2022 x64\include\Wt\WImage.h(228,18): warning C4251: 'Wt::WImage::flags_': class 'std::bitset<3>' needs to have dll-interface to be used by clients of class 'Wt::WImage'
C:\Program Files\Wt 4.10.2 msvs2022 x64\include\Wt\WImage.h(228,8): message : see declaration of 'std::bitset<3>'
C:\Program Files\Wt 4.10.2 msvs2022 x64\include\Wt\WImage.h(229,15): warning C4251: 'Wt::WImage::targetJS_': class 'std::basic_string<char,std::char_traits<char>,std::allocator<char>>' needs to have dll-interface to be used by clients of class 'Wt::WImage'
C:\Program Files\Microsoft Visual Studio\2022\Community\VC\Tools\MSVC\14.35.32215\include\xstring(5300,29): message : see declaration of 'std::basic_string<char,std::char_traits<char>,std::allocator<char>>'
C:\Program Files\Wt 4.10.2 msvs2022 x64\include\Wt\WAnchor.h(208,24): warning C4251: 'Wt::WAnchor::text_': class 'Wt::Core::observing_ptr<Wt::WText>' needs to have dll-interface to be used by clients of class 'Wt::WAnchor'
C:\Program Files\Wt 4.10.2 msvs2022 x64\include\Wt\WAnchor.h(208,3): message : see declaration of 'Wt::Core::observing_ptr<Wt::WText>'
C:\Program Files\Wt 4.10.2 msvs2022 x64\include\Wt\WAnchor.h(209,25): warning C4251: 'Wt::WAnchor::image_': class 'Wt::Core::observing_ptr<Wt::WImage>' needs to have dll-interface to be used by clients of class 'Wt::WAnchor'
C:\Program Files\Wt 4.10.2 msvs2022 x64\include\Wt\WAnchor.h(209,3): message : see declaration of 'Wt::Core::observing_ptr<Wt::WImage>'
C:\Program Files\Wt 4.10.2 msvs2022 x64\include\Wt\WAnchor.h(210,18): warning C4251: 'Wt::WAnchor::flags_': class 'std::bitset<2>' needs to have dll-interface to be used by clients of class 'Wt::WAnchor'
C:\Program Files\Wt 4.10.2 msvs2022 x64\include\Wt\WAnchor.h(210,8): message : see declaration of 'std::bitset<2>'
C:\Program Files\Wt 4.10.2 msvs2022 x64\include\Wt\WText.h(284,12): warning C4251: 'Wt::WText::text_': struct 'Wt::WText::RichText' needs to have dll-interface to be used by clients of class 'Wt::WText'
C:\Program Files\Wt 4.10.2 msvs2022 x64\include\Wt\WText.h(272,10): message : see declaration of 'Wt::WText::RichText'
C:\Program Files\Wt 4.10.2 msvs2022 x64\include\Wt\WText.h(296,18): warning C4251: 'Wt::WText::flags_': class 'std::bitset<9>' needs to have dll-interface to be used by clients of class 'Wt::WText'
C:\Program Files\Wt 4.10.2 msvs2022 x64\include\Wt\WText.h(296,8): message : see declaration of 'std::bitset<9>'
C:\Program Files\Wt 4.10.2 msvs2022 x64\include\Wt\WPushButton.h(275,19): warning C4251: 'Wt::WPushButton::text_': struct 'Wt::WText::RichText' needs to have dll-interface to be used by clients of class 'Wt::WPushButton'
C:\Program Files\Wt 4.10.2 msvs2022 x64\include\Wt\WText.h(272,10): message : see declaration of 'Wt::WText::RichText'
C:\Program Files\Wt 4.10.2 msvs2022 x64\include\Wt\WPushButton.h(278,18): warning C4251: 'Wt::WPushButton::flags_': class 'std::bitset<8>' needs to have dll-interface to be used by clients of class 'Wt::WPushButton'
C:\Program Files\Wt 4.10.2 msvs2022 x64\include\Wt\WWidget.h(1370,8): message : see declaration of 'std::bitset<8>'
C:\Program Files\Wt 4.10.2 msvs2022 x64\include\Wt\WPushButton.h(279,31): warning C4251: 'Wt::WPushButton::popupMenu_': class 'std::unique_ptr<Wt::WPopupMenu,std::default_delete<Wt::WPopupMenu>>' needs to have dll-interface to be used by clients of class 'Wt::WPushButton'
C:\Program Files\Wt 4.10.2 msvs2022 x64\include\Wt\WPushButton.h(227,21): message : see declaration of 'std::unique_ptr<Wt::WPopupMenu,std::default_delete<Wt::WPopupMenu>>'
  LINK : C:\Users\АндрійПопов\source\repos\lab3-OOP\x64\Debug\lab3-OOP.exe not found or not built by the last incremental link; performing full link
  lab3-OOP.vcxproj -> C:\Users\АндрійПопов\source\repos\lab3-OOP\x64\Debug\lab3-OOP.exe
